literal
servicedont
servicedont
servicedont
raal
rad
round
lounge
rinaldini
rinaldini
rinaldini
No words found
eh
every
prey
could
untraditionally
si
desired
depart
No words found
fa
for
pace
pg
part
affidavit
courteous
courtesy
courtesy
for
tremendous
durability
No words found
last
negligence
incalculable
incapable
incapable
ship
wind
study
diaboli
entire
sperm
homagerendering
deadly
unmindful
No words found
signifying
jam
ha
mending
piazza
No words found
flag
flag
flask
pg
No words found
si
so
burns
part
but
chapter
formed
raal
rad
round
whale
what
whale
arrah
arrah
arrived
chace
chap
chapter
No words found
No words found
si
so
mehither
foal
nurseries
mab
wick
wid
with
shrine
shrine
shrine
No words found
bays
bayonet
awhile
No words found
la
like
No words found
sweethearts
No words found
be
but
the
No words found
lifei
lifebuoy
knowing
granitefounded
xxxix
sucklingspull
too
so
No words found
id
in
mathematical
me
No words found
ob
of
kick
kin
king
No words found
thro
No words found
onethe
rad
quarrelsomedont
quarrelsomely
quarrelsomedont
relied
relied
relieved
me
No words found
sprinkled
No words found
No words found
can
cliffs
No words found
ink
into
nd
invent
be
devil
No words found
be
but
shivering
vindictiveness
vindictiveness
vindictiveness
himself
jealous
jealous
jealous
