ectozoan
ectozoan
drudgingly
drenchers
emboscata
electrotherapist
drink
ectodermal
editorialist
earache
No words found
ed
every
efractory
electronic
elkuma
ectonephridium
eclipsation
No words found
dulcineas
earpieces
eloquential
effect
duopolistic
No words found
electrodynamical
ecderon
elect
No words found
embarked
dragged
eccrinology
down
duckpin
every
elecives
dulcinea
echopraxia
dumfoundered
electrolytes
eels
duomo
electronic
andes
annes
asses
cases
elses
gales
gases
gasps
gazes
gives
gores
knees
loses
moses
noses
onset
rises
roses
unset
vases
electrocardiograms
ebulliometry
ebulliate
eavedrop
durability
durain
durani
eluvivia
echinodermatous
eliasite
ecchondroma
ecchondroma
ecchondroma
electrodepositor
echinocactus
ebulliometry
down
educ
No words found
afford
efford
dupla
ebonies
grooves
elm
electrotherapies
electrotherapies
electrotherapies
electrotheraputic
dressed
dropped
grasped
No words found
ed
every
elflocks
eject
embassage
duali
droningly
durative
duckish
dumaist
dumbest
dread
ectrodactylism
dulanganes
dull
dull
eyewitness
de
eeler
fejee
fever
fewer
leper
never
peter
queer
refer
every
ectrodactylous
effect
duckweeds
edwardeanism
edwardeanism
edwardeanism
elasticness
de
ado
ago
dzo
eco
ego
fro
jam
jar
jaw
jet
jew
jib
jig
job
joe
jot
joy
leo
rio
tho
too
two
uno
who
embar
ectrodactylia
eddo
dunnest
ecphorable
ecphore
ecphore
elementalism
economic
dunkirk
eco
ektene
elean
elaphomycetaceae
dratchell
eddies
ediles
eysoge
eysoge
eysoge
eagle
earle
earls
early
drained
eeliest
during
elisions
emir
eyn
ellebore
dusserah
ecize
ecize
ecize
echinulated
dwellers
embryoctony
elated
earthlight
dud
eyre
jure
tyre
dud
durani
ducally
duci
ducking
electioneers
every
educement
effervescible
elenchic
dryopithecus
dudler
dunelands
dunelands
dunelands
electrodynamic
elocation
dumpishness
ein
ecphorize
effervescently
embars
duodecimo
eidology
duocosane
efractory
No words found
ego
egyptian
effluent
No words found
eligible
elegancies
dustpan
down
electrowinning
No words found
eddo
edge
ducklingship
duali
embitter
dud
dropwise
No words found
de
down
driveler
drab
drab
drawing
eyeroot
elecampane
elect
electronic
electrobiology
elocutioner
echoize
durand
ebullience
eger
dumpler
eldin
eldin
eldin
dryermen
embiotocidae
druery
ear
egyptology
every
edulcorative
elean
eaning
easier
easily
easing
eating
drowte
ellenyard
down
eelware
eddo
easternism
else
eluviated
else
dusenwind
druther
embottle
ecderon
durra
judea
No words found
draftsmanship
earthshine
duplicia
edentulate
eatage
ed
drumbling
earth
eyebridled
ebb
ejam
emblanch
editorializers
duraplasty
elenchi
dud
elevato
ectoskeleton
electrophysiology
eloped
eloped
eloped
drusy
down
electrolysed
dredge
embosoming
ejicient
ejicient
ejicient
earmarks
drizzlier
drizzly
drizzliest
embalmed
No words found
drudgism
duplicipennate
electropathy
ell
duodenogram
durer
drumlier
echopractic
echopraxia
echopractic
elamite
duali
ecotypes
ectrodactylous
dressage
during
electronervous
ectomorphic
eleutherophyllous
ell
eigenstate
else
drawbolt
duvetyn
duvetyn
duvetyn
ectrodactylia
edemata
edemata
edemata
dragshoe
drive
eleemosynary
dullishly
eikonogen
durability
duckwife
elevon
elevon
elevon
ecotone
ecumenicist
ecumenicist
ecumenicist
drawlingness
ectases
ectene
ectene
eightieths
electrogalvanization
durra
drucken
drucken
drucken
elysee
elaborate
embossers
eclipsises
dupedom
dropwise
dropwise
dropwise
duchesnea
ducked
embassies
drug
electra
embraceorr
egohood
No words found
ellery
ellagic
eleemosynary
eisodic
embar
