evidently
matteroffact
silent
marchfor
sh
colder
for
request
strengthen
bordered
powdered
wondered
janitor
unconscious
much
mud
much
queenstown
No words found
we
was
aint
belt
bill
bolt
colt
dint
dirt
felt
file
fill
fist
gift
gilt
halt
hill
hint
jill
kill
lift
list
melt
mild
mile
milk
mint
mist
nile
pile
pint
rift
riot
salt
sift
silk
sill
tact
tale
talk
tall
tart
tell
tent
test
text
that
tice
tide
tidy
tied
ties
tiff
tile
till
tilt
time
tina
tink
tint
tiny
tips
tire
told
trot
wild
wile
will
wilt
still
training
village
prejudice
but
annihilation
No words found
sh
she
bang
cane
cant
cent
clog
cone
hang
hung
king
long
pang
rang
ring
rung
sang
sing
song
sung
wing
reach
red
read
cooling
just
roar
rose
rosy
span
concert
wrench
sandwich
wad
picturesque
No words found
esteemed
squeak
squeak
squeezed
contact
suppers
profit
No words found
ma
my
storm
swarm
cup
blackbird
three
piteous
confuse
confuse
confusion
suspicions
absurdities
asis
beds
bees
bein
bess
bois
dess
fees
fess
gets
heir
hens
hers
jews
keys
legs
less
lets
mees
megs
mein
mens
mess
neds
nets
news
peas
pens
pets
rein
seas
sees
this
veil
weds
zeal
zest
lucid
luck
lunch
rummaged
infringement
infringement
infringement
deceive
pensive
mince
triumphant
mignonette
beaver
edition
elephants
rather
brace
grace
grave
greco
grove
price
trace
reach
read
read
freds
doubt
disconsolately
chance
chant
change
creamcolored
was
mousecolored
cheadles
cheap
cheerful
daze
doze
haze
race
rage
rare
rate
ride
ripe
rise
rite
robe
rode
rome
rope
rose
rude
rule
ruse
size
pellmell
pellmell
pellmell
stagger
expression
amymiddling
crabbing
fortnight
generation
generation
generations
ought
inquire
inquire
inquired
dreamed
pg
pathfinder
huddled
energetically
baa
elves
slagle
sly
slowly
frenchman
ashamed
clippingsabout
ina
bible
bribe
byeby
liebe
niece
niobe
piece
pluck
plum
plumfield
euphemisms
No words found
fo
for
toga
schaal
period
No words found
crimped
crimped
applepickers
awe
ache
discuss
presence
englishman
fathers
gathers
mothers
oak
pleasurable
wildly
clog
millennium
failing
rather
dashboard
rejoin
folks
silks
talks
walks
yolks
express
difficult
hemmed
striking
cheerful
determined
poise
cheerfulness
shade
dollanity
indeed
copy
gatsbynothing
listening
foe
whim
No words found
coo
could
ancient
administered
admire
admired
previous
when
garage
enormous
bein
chin
even
evil
gain
goin
grin
inin
iron
join
main
mein
oven
pain
rain
rein
ruin
skin
spin
thin
twin
vain
xvii
unintelligible
uninteresting
uninteresting
xxvii
than
better
latter
lester
letter
litter
No words found
th
the
intensely
poorly
dontitsits
No words found
rd
rather
fixedly
air
neatly
really
council
fumbled
humbled
jumbled
mumbled
tumbled
wicked
wig
with
youd
tell
livelier
lovelier
aquaplanes
bib
bid
big
bit
iii
vii
xii
place
bank
bind
link
pink
sink
tink
wink
turbulence
slowlybut
rd
capture
cab
cab
came
twelve
rather
sorting
No words found
cave
gave
have
pave
save
wake
wane
wave
wavy
weve
selfishnesses
breakfast
steadied
plump
slump
No words found
aunts
aunts
prizes
into
christian
No words found
coo
could
illustration
for
shalt
blas
covered
hovered
No words found
minedo
minedo
property
ectoplasm
discover
wellstored
formal
normal
stick
alert
court
exert
fiery
fleet
flirt
No words found
ab
and
irritated
eight
lizards
her
seedcakes
No words found
impetuosity
dont
curious
madam
madam
madame
beaten
crates
heated
leaves
plates
seated
skates
states
verses
west
west
west
guessed
hundred
speechless
concatenation
blossoms
halfwistful
halfwistful
halfwistful
amen
barn
bead
beam
bear
beat
beds
beef
been
beer
bees
bein
bell
belt
bend
bent
bess
best
beth
blew
bonn
boon
born
brew
burn
deed
deep
deer
even
feed
feel
fees
feet
fern
heel
keen
keep
lean
mean
meek
mees
meet
mein
need
omen
open
oven
peek
peep
reef
rein
seed
seek
seem
seen
sees
then
wean
week
weep
weet
when
farther
meditative
jumble
jumble
jumped
approved
general
laid
expanded
cousins
ma
warwick
surrendering
rosyfaced
No words found
planning
No words found
badness
fitness
fulness
sadness
mean
doll
poll
roll
go
stovedoor
snake
interesting
accelerator
broadcast
ed
getting
stubborn
gainst
smooth
hailed
hatred
healed
howled
pan
force
straggled
straw
strong
colonel
smallbreasted
thinning
cone
thudding
remain
mantelpiece
No words found
id
in
tipping
birdslaughing
birdslaughing
birdslaughing
obvious
No words found
sh
she
supposed
conceal
add
odd
ode
old
bring
theres
wheres
ought
ineffable
all
oranges
ineffable
ball
bell
bill
bull
call
doll
dull
earl
edge
ella
emil
evil
fall
fell
fill
full
gull
hall
hell
hill
idle
idly
idol
itll
jell
jill
kill
lull
null
poll
pull
roll
sell
sill
tall
tell
till
wall
well
will
fred
batch
bitch
catch
ditch
dutch
hitch
latch
match
patch
pitch
watch
witch
No words found
fo
for
aof
bob
bog
bon
bow
box
boy
coo
cow
dew
doc
dod
dog
don
doy
few
foe
fog
for
fox
god
got
had
haf
har
has
hat
hay
hed
hem
hen
her
hes
hev
hey
hid
him
hip
his
hit
hod
hog
hop
hot
how
hue
hug
huh
hum
jew
job
jos
joy
law
log
lor
lot
low
mon
mop
new
nod
noi
nom
non
nor
not
nov
now
paw
pop
pot
raw
rob
roi
row
saw
sew
sob
sol
son
sow
toe
tom
too
top
toy
von
vow
woe
won
woo
you
official
snub
neckornothing
neckornothing
neckornothing
jealously
No words found
wait
wellbehaved
wellbehaved
wellbehaved
redandwhite
obey
chosen
No words found
educational
educational
measured
gray
occasional
No words found
id
in
elbow
No words found
window
hospitable
butter
cutter
duster
gutter
hunger
hunted
muster
mutter
number
putter
winter
suavity
compilation
scalded
scant
school
httpwwwpglaforg
train
aint
deft
dint
dirt
fist
gifs
gift
gilt
hint
left
life
lift
list
mint
mist
pint
raft
rift
riot
sift
soft
tiff
tilt
tint
wait
want
weet
went
wept
west
what
whit
wide
wife
wild
wile
will
wilt
wind
wine
wing
wink
wipe
wire
wise
wish
wisp
with
wits
wont
wort
embracing
embracing
embracing
parley
pulled
refuge
whas
darted
neckornothing
No words found
jersey
No words found
helpless
pulpless
No words found
park
part
immaculate
No words found
co
could
unsolicited
No words found
flowed
alsoone
ab
ah
ak
am
an
as
at
au
ay
be
by
co
da
de
di
do
dr
du
ed
ef
el
em
en
et
fo
go
ha
he
hm
ho
id
if
ii
im
in
is
it
iv
ix
jo
la
ma
me
mo
mr
ms
my
no
ob
of
oh
on
or
ow
pg
pm
rd
rs
sh
so
st
th
to
up
us
ut
ve
vi
vo
we
xi
xl
xv
xx
effort
mexico
No words found
vii
view
handkerchief
schuberts
schuberts
schuberts
hurry
wont
trembling
diamonds
throwing
No words found
hod
how
paddled
shock
secrets
spirits
she
unambitious
No words found
go
go
theatres
winkle
faade
fro
survive
extent
silent
No words found
mended
mending
beaming
flaming
spacing
submit
figure
minute
ab
dealt
No words found
suiting
waiting
writing
refer
refer
refund
blocked
woe
woe
would
ach
act
ben
bon
bun
can
dan
den
din
don
ein
fan
fun
gin
hen
ice
man
men
mon
nan
non
nun
own
pan
pen
pin
ran
run
san
sin
son
sun
tan
ten
tin
tun
urn
von
wan
win
won
xii
xiv
xix
xli
xlv
xvi
xxi
xxv
xxx
pocket
angelic
No words found
denis
finds
hints
kinds
kings
lines
links
minds
pines
pinks
rinds
rings
sings
tinas
vines
winds
wings
wheat
defending
dress
plucked
plumped
plunged
spider
spider
spider
nutting
accelerator
ach
across
muslin
red
baby
bach
back
bade
bags
bald
ball
balm
band
bang
bank
bare
bark
barn
bars
base
bask
bass
bath
bend
bent
bind
bite
blue
bona
bond
bone
bonn
bore
cage
cake
came
cane
cant
care
case
cave
cone
dame
dare
date
daze
dine
done
ease
face
fade
fame
fans
fare
fate
fine
gale
game
gape
gate
gave
gone
hale
hand
hang
hans
hate
have
haze
june
kant
kate
kaye
lace
lake
lame
land
lane
late
line
made
make
male
mane
mans
many
mate
mine
name
nine
none
pace
page
pale
pane
pang
pans
pate
pave
pine
race
rage
rang
rank
rare
rate
safe
sage
sake
same
sand
sane
sang
sank
sant
save
take
tale
tame
tank
tape
tone
tune
vale
vase
vine
wake
wand
wane
want
wave
wine
yale
when
immediate
children
morninggown
No words found
card
care
bower
fewer
lower
power
queer
tower
sh
sentences
yolks
you
you
reckless
nightgown
beads
deeds
heads
leads
lends
needs
reads
sakes
sands
seals
seams
seats
seeds
seems
sells
sends
serfs
weeds
concocted
sewinsheena
clad
clad
close
agrees
fiddle
stained
laurie
effervescence
durable
during
during
negro
never
nan
iii
ill
nil
oil
quotation
quotation
quotation
embodied
rabbit
loved
moved
roved
rowed
No words found
patronage
patronizing
rosyfaced
