No words found
ha
he
homopolymerization
hypogonadism
homekeeper
hyping
hysterolithiasis
homburgs
home
home
honeybuns
hottentotese
hottest
hottentotese
hyperploidy
No words found
ha
he
homaloid
ha
homalogonatous
No words found
hon
how
hollaite
hid
hypodermosis
No words found
ha
he
hornworms
hyperdivision
homogamic
hildebrandslied
hili
hill
hypoleptically
honeymouthed
honeymouthed
honeymouthed
hologynies
hotheaded
band
find
fond
hand
hond
kind
land
mend
mind
pond
sand
send
tend
wind
xxii
xxiv
xxvi
histophysiologic
housebrokenness
hydroplane
hydroplane
hydroplane
hoboing
horsecart
horsecart
horsecart
horripilate
hilarious
hili
hill
hypoplanktonic
homeogenic
hypnological
No words found
ha
he
holking
hooding
hooping
looking
hipped
hypopygium
hypsibrachycephalism
hygiastics
homomorph
homomorph
homomorph
hypersplenism
he
hipless
No words found
hyperostotic
hyde
homologist
hid
homelyn
he
hoggin
No words found
hyposmia
hyposalemia
hypnaceous
hypnotic
homeothermic
hysterectomized
baggy
hoggy
horseflies
hydroxylization
hollyleaf
hypopygium
hosannaed
homoiotherm
homonymous
honans
hyperreverential
hoveler
hyperpyramid
homoeophyllous
No words found
home
home
homologue
No words found
hypo
hypnotic
bog
bow
box
boy
dog
dos
fog
for
fox
god
gog
got
hei
hog
hoi
hol
hom
hon
hot
how
hoy
iii
iti
job
jog
joy
log
lor
lot
low
moh
mon
nay
net
new
non
nor
not
now
nut
ook
pop
pot
pou
psi
rob
rom
row
sob
soh
son
tom
too
top
vii
wei
woe
won
wot
xii
xvi
xxi
you
zoo
his
hypersensitiveness
hyperin
hoarser
houdah
hour
house
hyperepinephria
No words found
homelet
hyperthyroidize
hollowed
hippiatric
hominiform
No words found
hippopotamic
hintingly
homerical
No words found
hillo
hills
hilly
himne
hirse
hithe
hived
hoyle
rifle
title
ville
hygeist
hygrin
hygrophaneity
hypocalcemia
No words found
hylic
hylidae
hogyard
hypophyge
hierodule
hydromonoplane
hydromotor
hydromonoplane
hypophrenia
housage
hyperosmic
No words found
hypochondria
No words found
hypo
hypnotic
hydroxides
No words found
hylogeny
hypogene
hypogyny
hypotony
hoiden
hylophagous
hotching
hoked
holed
honed
hoped
how
honesty
No words found
hypoadrenia
hollyleaf
homolography
hyperlactation
hydrophyllum
hypertranscendent
hypertrophy
hypertrophies
holochoanitic
No words found
hyperdicrotic
horsebane
hierodule
No words found
hyetometric
he
hythergraph
hypnotic
horsejockey
hid
hid
his
hyperaemia
hirudinal
homophonically
hyperabsorption
hyperin
hyperchlorination
hospodar
hydropolyp
holinesses
hies
hymnary
hyphenize
hyperdoricism
hylactic
hyle
hylocomium
hyperapophysis
No words found
hoarhead
No words found
hotelhood
hypocrater
hyperbrachyskelic
homoerotic
homoerotic
homoerotic
horsepower
hydros
hyperphosphatemia
No words found
hypotarsus
No words found
hypos
hypohyal
hyperfastidiously
holophane
hoopoos
hold
homilete
homilite
homilize
No words found
hypos
hypohyal
hogni
ha
homocerebrin
honeybee
hydroperoxide
hypolimnetic
hypercrinia
hippobosca
hippobosca
hippoboscid
hobbies
ha
hoddy
hypogeocarpous
hypaesthesia
hypnotic
hysterelcosis
historiology
homobront
No words found
hinderful
wonderful
holocene
abed
aged
awed
bled
bred
deed
died
eard
eres
even
ever
eyed
eyes
feed
fled
heed
hied
hoed
hynd
need
oped
owed
shed
sped
tied
used
No words found
higginsite
hyper
hornily
horsely
horsify
hypethral
hotelhood
No words found
hypertensely
hieromancy
hysteralgic
No words found
hyperin
hyperbolaeon
hyracid
No words found
housewarming
homoeomorphy
histoclastic
hippocamp
hologastrular
hyperbolaeon
honduranian
hypoconule
hornbeam
hyraces
hyperadrenia
hydrotherapeutic
holstein
hornwood
hyphenize
hiss
hypertropia
hoc
hymnlike
hirable
hire
hired
bolder
calmer
colder
former
holder
holier
holler
holmes
miller
mocker
mother
solder
hotchkiss
hyperthesis
hylobates
hyperdolichocranial
No words found
hypoglycemia
hypercivilization
coward
holard
homard
howard
toward
hygrostat
horsepox
hoddy
hypernephroma
hypopharynges
hypoleptically
hypertechnical
hypotonus
homalocenchrus
homaloid
homalopsinae
honorararia
hyperalgebra
hyperalgebra
hyperalgetic
holdbacks
hyperbolaeon
highlight
hydrophora
honeymouthed
horses
hypocalcemia
hova
hommack
No words found
hypo
hypnotic
hypersensitization
holloa
houseworker
hoising
hyracoidea
hypocleidian
hypocleidian
hypocleidian
holloas
hypersolid
hypodactylum
how
housage
hyperdemocracy
hyperdicrotism
horses
hygrophaneity
how
honeworts
house
hindhand
he
hoatzins
hypercath
hilliest
No words found
hysterocystic
hyponea
hydrosalpinx
No words found
hypophrenic
honorific
hoorah
hydrometallurgical
No words found
hote
hotel
homiliaries
hormetic
holystone
hyperin
hypocaust
horoscopal
hirsel
homoeomerae
homoeomery
homoeomeric
hypopepsia
he
highchairs
hierogamy
hierogamy
hierogamy
hirmos
hormos
hymen
hymn
hymenic
holmium
homichlophobia
homily
homicidal
historicodogmatic
hyperdimensional
houndfish
hypercriticism
hypergenetically
houseless
honestness
hyracoidian
hysteropexia
horses
housecoats
homebred
hysterical
he
hypnotists
hopeless
hitchier
houbara
horizonal
housekept
hylocereus
highlandish
hyracodontid
hyosternal
hyosternal
hyosternal
histie
hostie
hold
holdover
hyde
holds
holed
holer
holes
holey
holks
holla
hollo
holly
holms
holts
holobaptist
hoopers
hoppers
hopples
No words found
hood
hoods
hydrorhizal
hood
homoeogenic
No words found
homecomer
hyothere
hyothere
hyothyreoid
hyperalbuminosis
hydromyelia
homoeogenic
hypodicrotic
hypodicrotic
hypodicrotic
hieracosphinxes
hyperin
hyperangelic
home
airi
biti
heri
hide
hied
hies
high
hike
hile
hili
hill
hilt
hima
himp
hind
hine
hing
hint
hipe
hips
hire
hiro
hisa
hish
hisn
hiss
hist
hits
hizz
hopi
hyli
siri
viii
xiii
hyolithoid
hyperdolichocranial
housepaint
housepaint
housepaint
hieracosphinges
hippopod
hippopod
hippopotamic
hypersensuously
hypos
hotel
homoeomorphy
hypothec
No words found
hydroski
hydrosere
hornblendic
hyoideal
hyperkeratotic
No words found
hospital
hospital
histophysiologic
hypohyal
hypoleucocytosis
hymnode
hymnode
hymnodies
hypothetizer
historial
bare
bone
bore
born
care
come
cope
cord
core
corn
cort
cure
dare
dire
done
dose
dove
doze
fire
fore
form
gone
gory
hare
here
hire
hohe
hoke
hole
home
hone
hope
hora
hore
horn
hors
hory
hose
hote
hove
joke
jove
lord
lore
lose
love
lure
mare
mere
mire
more
morn
move
none
nose
note
poke
pole
port
pose
pure
rare
robe
rode
rome
rope
rose
rote
sole
some
sore
sort
sure
tone
tore
torn
vote
ware
were
wire
woke
word
wore
work
worm
worn
yare
yoke
york
he
horry
sorry
worry
hypoglossal
hypermetamorphoses
hid
hid
his
hyperspace
hold
bits
fits
hits
sits
wits
hooperman
hoydenism
No words found
hyperethical
hypercalcaemia
hypercath
hypercryaesthesia
homoeomorphous
hypercarnally
hirsling
horrifically
hornfish
No words found
hyperglycemic
No words found
histaminase
hid
hid
his
hotdogger
hydrophora
hotelization
histothrombin
hypostasized
homeopathist
histones
high
hyperparasitic
he
hilloed
No words found
hold
hold
highflier
hoising
hypermetamorphotic
hyperrationally
hyperrationally
hyperrationally
hogmollies
hoc
hippogriff
hoopoes
hohenstaufen
No words found
hymnology
hypnology
hinsdalite
finite
hivite
No words found
ha
he
hogmanays
histographical
hyperexaltation
hypegiaphobia
hyper
hyperbolaeon
hoedown
horsebush
horsebush
horsebush
hygrine
hyperdimensional
hyperdimensional
hyperdimensionality
act
aft
apt
art
ast
bat
bit
but
cat
cut
eat
fat
fit
get
git
got
had
hag
hap
has
hat
hay
hea
hed
hei
her
hes
hid
hie
him
hin
hip
his
hit
hld
hny
hoc
hoe
hog
hoi
hol
hom
hon
hoo
hop
hot
how
hoy
hue
hug
hun
hup
hye
hyp
ist
jet
let
lit
lot
met
net
not
nut
oft
ont
out
pet
pit
pot
put
rat
sat
set
sit
tat
tot
tut
wet
wit
wot
yet
homoeogenous
hyposmia
hyperoxygenized
hinting
hitting
hooting
hosting
hotting
houting
hunting
hurting
houseward
hominesses
ha
hispidulate
No words found
horizonal
No words found
honed
honest
hypercylinder
how
born
burn
corn
earn
hard
hare
hark
harm
hart
herb
here
heri
hero
herr
hers
hire
hiro
hisn
hohn
hoin
hoon
hora
hore
horn
hors
hory
hurt
hymn
morn
torn
turn
warn
worn
hypo
hypsicephalous
hyperin
hyperacuity
honest
homiculture
hyle
households
hid
hirable
homoeomerae
hormonize
hyporhachis
hoodies
hyperthermalgesia
hypersensuous
No words found
hypercylinder
hyperper
hyphomycosis
hora
hail
hall
heal
heel
hell
hill
howl
hull
No words found
ha
he
homogamic
ha
hypotony
hold
hoodcap
No words found
home
home
homologies
horologies
hodgkin
homophylic
hospital
hyperlithuria
hyperconscientious
hyperconscientious
hyperconscientiously
horsewoman
hinderlands
hypozoic
hypergenetical
hypergeusia
hypergeometric
hyperplane
hypercalcaemia
horsehoof
hijack
hilarities
hotching
hijra
No words found
hoc
how
hyperpotassemia
holoptychian
holoptychian
holoptychiid
holidayed
hymen
hymen
hymenic
hymenopterologist
hordarian
hornify
No words found
hyperemotional
No words found
hostelries
he
hyperfastidiousness
hippiest
hyperpredator
No words found
hocus
hotness
hotness
hotness
honeymoonlight
hypnogogic
hydrophanous
No words found
ha
he
horsemint
hoc
hoarsely
hoofbeat
hypnotists
horseshit
holofernes
hierocracies
housed
housel
houser
houses
hysterical
hypoxias
hyperdiapente
honeyful
hosted
homologating
hid
hypokinesis
hypnotic
hyperscholastically
hond
holoplexia
hypersacerdotal
hypersolid
hypersystolic
hyperthetic
hymens
homesickly
hydroscopical
fitted
hilted
hinted
histed
lifted
hypercivilization
hypercivilized
hypercivilized
hyrst
quest
hypnotic
hyperoxygenizing
hyzone
hyzone
hyzone
hypnotistic
housetop
housetop
housetop
hydrosilicon
hysterical
hobbil
hyposulfite
homonomy
hobiler
hostessed
he
hyperaphic
hye
hypercholesterinemia
hotelless
hyotherium
hypocalcemia
holosystematic
No words found
hospitalman
homopathy
homopathy
homoplasmic
hyperkaliemia
hypoderm
hierographical
hysteropathy
hypothami
holdfast
homodontism
hinsdalite
hypermetrope
No words found
hood
hoods
hylozoism
hyraceum
hypothesised
No words found
hyperin
hyperbolaeon
hypersceptical
hyperplane
hieroglyphically
hydronitric
hypoplastral
homoplasmic
hissers
houseparent
houseparent
houseparent
hylozoism
homoeomorphy
histiology
ha
hypothyroid
No words found
hocked
hockday
horrification
hypersensitization
honourableness
hypotactic
hypotaxia
hypotaxic
hypophare
No words found
hypertrophy
hippolytidae
hypoplasy
hypostrophe
hypostrophe
hypostrophe
homoanisic
hyperdiatessaron
hoarwort
holewort
hoodwort
hornwort
house
homotaxy
hirable
hire
hired
hobbil
hoodedness
hinting
hunting
panting
renting
wanting
hypo
hookerman
hooperman
No words found
hookish
hypostatic
homophonically
horsefoot
horsefoot
horsefoot
hypohidrosis
hookmaking
hyperpyrexial
hylopathism
hoagie
hoggie
hoggin
hypocrinia
hypocrisy
hypocrize
hillsman
No words found
hypodactylum
No words found
hypercalcemic
how
No words found
holaspidean
hippology
hypersentimentally
hipe
highting
he
dip
hap
hid
hie
him
hin
hip
his
hit
hop
hup
hyp
lip
tip
homoeotel
hippotomical
ha
housecoat
he
hopefully
hornyhanded
hohokam
hypnody
hypnody
hypnody
honkeys
ha
homoeanism
hoc
holdenite
No words found
hidroses
hypostatic
hypostatic
hypostatize
historicopolitical
hodman
hodman
hodman
honkey
hypoantimonate
hylocereus
hyperbolaeon
hoarily
ha
homotropous
homoeomorphy
hyperparasitic
No words found
hyperotretan
hid
hid
his
hogtieing
hypos
hymnariunaria
hypabyssal
hypabyssal
hypabyssal
hoppergrass
hogmanes
hyperpatriotically
highest
hornbeak
hyde
hypnotizing
hoarsely
horseplay
he
hyperspeculativeness
holotrichida
hypercyanosis
he
hypotaxis
how
homodermic
how
holsters
monsters
No words found
hyperemesis
horses
hyperchloric
hydroxycorticosterone
holoscope
hobbledygee
dinner
hinner
hypegiaphobia
hyper
hyperbolaeon
hiems
highs
hills
hilts
hilus
hinds
hints
hires
hisis
hists
honeymouthed
honeymouthed
honeymouthed
hypalgesia
homefolks
honeymonth
he
hieromnemon
No words found
hists
historics
hyperbarbarism
hypnotic
hogtiing
hypnotic
hyperacuteness
horizonward
horizonward
horizonward
hinder
hynder
hyperrealizing
hyperthrombinemia
No words found
hypo
hypnotic
honeycombing
No words found
hypotoxic
hoar
homeopathies
No words found
hoplitodromos
No words found
hoc
how
horizon
he
honorless
hope
hymnology
hypoblastic
hypoblastic
hypoblastic
hipsters
hoosier
hydrotherapeutic
hyperconsciousness
hyperconsciousness
hyperconsciousness
hygienically
hyperprism
hyperprism
hyperprism
hogmanays
hypsochromic
houppelande
honeybind
hypomorph
hobbledehoydom
hobbledehoys
hobbledehoys
hoggs
hokku
holosiphona
hyperangelic
highbelia
hora
holotricha
hoagy
hominal
No words found
hindquarter
No words found
hoc
how
hogbush
hydroxydehydrocorticosterone
homaxial
hormogonous
hypercoracoid
hiragana
hide
hied
hies
high
hike
hile
hili
hill
hilt
hima
himp
hind
hine
hing
hint
hipe
hips
hire
hiro
hisa
hish
hisn
hiss
hist
hits
hizz
hypnotic
hyoepiglottic
hyde
hierophantically
housage
homeomorphic
he
bone
bore
come
cope
core
done
dose
dove
doze
fore
gone
hohe
hoke
hole
home
hone
hope
hore
hose
hote
hove
joke
jove
lore
lose
love
more
move
none
nose
note
poke
pole
pose
robe
rode
rome
rope
rose
rote
sole
some
sore
tone
tore
vote
woke
wore
yoke
hypnotic
hostlerwife
he
hyperacousia
hid
hid
his
hypoxic
hypervitalize
homothermy
No words found
hypercryaesthesia
hyperephidrosis
honestest
hye
hyperons
homoeozoic
homogeny
he
hypoxanthine
No words found
ha
he
hodiernal
hoya
horizonal
hildebrand
hyperaesthete
housed
horribly
honorarily
hyponasty
hoise
hoise
hoising
hyporit
No words found
honeybloom
hyperper
hyponoias
hysterical
hydrophilidae
his
happy
hippy
hoppy
No words found
hortensia
No words found
housecleaner
hydrophyllaceae
hydrophyllaceae
hydrophyllaceous
holystone
hogweed
hogweed
hogweed
hyperextension
ha
hortyard
ha
highermost
hoplonemertini
hypernutrition
hoc
hypophyllum
homometrical
hostal
hostel
homesick
honkey
hid
hooligans
No words found
hylozoistically
No words found
hyracid
honeylike
holders
histamin
homotactic
hyperspeculative
hypolydian
hoods
hooperman
historicopolitical
holomorphy
No words found
ha
he
hyetological
hypopoddia
hypopodia
hypopoddia
homolosine
hoard
hypocotyledonary
hitherward
hypothesiser
hypersystolic
hyoscyamine
hyperenthusiasm
hypocystotomy
No words found
ha
he
hopoff
No words found
homophony
hooker
homebreds
hylactic
hyle
hylocomium
hydropolyp
hydrotheca
hyperleptoprosopic
hyperlactation
hypodiazeuxis
hygiantic
homogenizing
homoeomorphy
dinner
finger
hinder
hinger
hinner
hinter
singer
winter
hydromel
hydros
hydrometrical
hypersystole
No words found
histomorphological
hied
hocking
holking
hooking
hierolatry
hypernik
how
hysterotomy
hoatzin
hoodedness
hookedness
hornedness
hypsistenocephalic
hypsistenocephaly
hypsistenocephaly
homelily
holyday
holyday
holyday
hymnologic
hypnologic
hypophloeodic
hypoeliminator
hypnotic
holosiphona
hoodlumish
homeozoic
horsier
hyperdeliciousness
horses
hogbush
No words found
hoosgows
hoarsened
hollowfoot
No words found
hoc
how
hollands
hornwork
hornwork
hornworms
hyracoidian
hypergolic
hyperconsciousness
hogmace
histiocytic
he
hypoiodite
however
hindsaddle
No words found
hydrotomy
holosomatous
hitch
pitch
witch
honorific
horrifically
hydroxy
hypersuggestibly
No words found
ha
he
hyperbolical
ha
homalosternii
holconoti
holconoti
holconoti
hieromancy
hounce
hound
houndy
hyperrealize
hyperdulia
hours
pours
spurs
yours
hydroselenic
hirondelle
No words found
hoveler
hypo
hypocytosis
hold
heri
hili
hopi
hyde
hyke
hyle
hyli
hymn
hynd
hyne
hypo
hyps
hypt
hierapicra
horsefight
hinoid
homocerebrin
hid
hid
his
homeopathy
No words found
hoga
hogmanes
hysteresial
No words found
hoc
how
hieraticism
hypopepsia
hyphenating
holothuria
hippocrateaceous
hope
bilders
holders
hyperdelicacy
homopolar
No words found
hierarchizing
No words found
hypos
hypohyal
hag
hog
hug
No words found
hyperin
hyperbolaeon
himyaritic
No words found
hypophyll
hyperlactation
hyperlethal
hyperlactation
hoplonemertini
No words found
hoc
how
hortatively
hobnail
hypothecatory
hovel
hotels
homogenizing
historiography
No words found
hondurian
histopathologically
homeotic
how
hortatorily
hyperbolaeon
homoeotypic
hondurean
horrorist
hoactzins
hydroxybenzene
homelands
hylomorphical
hyperbolaeon
hierophantically
hippometer
hookas
hyperconfidence
hypochondriacism
hyperhilariousness
hyperthyreosis
honest
hyperbolaeon
No words found
homogeny
hopkinsian
hyperoodon
hypostyptic
hypersthenite
hypoacid
homoiousious
hogbush
highlandman
hyperuresis
hypotonicity
hymnology
homochromy
hippocras
hippocras
hippocras
hydrotimetric
hookweed
hookweed
hookwormy
hydroponicist
he
hysterically
hypnoanalyses
hypercryaesthesia
hoc
horsehair
how
highchair
hotboxes
hydrothecae
horror
horror
horror
homeotypic
ha
homestretches
hypabyssally
hornbeams
No words found
housed
houses
hypertenseness
hyde
hye
hypnotic
homeomorphy
hydrometrical
hypothecator
No words found
hyperdiatessaron
historics
hystericky
hogton
hogton
hogton
hypabyssally
hyperdimensionality
hyperdimensionality
hyperdimensionality
hoddypeak
hyde
hye
hypnotic
homrai
hyperendocrinia
hyperendocrinia
hyperendocrinia
hydrophylliaceous
how
hohe
No words found
hirsel
hirsel
hinderers
hyperconstitutional
hyperconstitutional
hyperconstitutionally
hostler
hitchiti
homelessness
histophysiological
hypercomplex
hypsometric
hypsometric
hypsometrical
hyperthyreosis
hora
hora
horses
horsehides
No words found
holking
No words found
hoc
how
hogweed
hyracoids
hottentotic
hollower
hominine
homocentrical
homocerc
homocentrical
hypercrinemia
hydrometrical
hypothermia
highholder
highhole
highholder
hypoconulid
No words found
honorand
honorarily
hymenopteran
higgle
higgle
higglery
hypercholesterolemic
No words found
hoove
hypervigilantly
hypervigilantly
hypervigilantly
hyperemetic
ha
housecleaning
hologynies
hydroplanes
No words found
homometrical
hid
histotrophic
hypo
hyperkaliemia
hotspur
horseshoes
hypoionian
hypofunction
he
hydrozoic
hid
histotrophic
homeoblastic
homeoid
homeopolar
hopheads
hyde
hyperflexibleness
hypotrophy
hygrometric
hippuria
hippuria
hippuria
hypochondriast
hoc
hopbind
hyper
hiliferous
hokku
hypoglossis
No words found
hyperconformity
hypobenthonic
hypnophobic
No words found
hymnals
himwards
hirofumi
No words found
hoc
how
hyperconscious
he
hydrosols
hilarytide
hymenopteran
hissel
hypercythemia
hypsodonty
homeopathist
hyperflexible
hinnying
hippological
hornbooks
hold
hiodont
No words found
ha
he
hieracosphinxes
hyperangelic
hydroxylic
hydromel
hydros
hydrometrical
hypersentimental
house
hoosierize
houston
houston
houston
housewares
No words found
ha
he
hyperperfection
hypnotic
hyracotherium
hypocritic
hommock
housed
hlorrithi
histie
horvatian
homoiousian
hornbeams
histogen
hinderingly
hoard
homologation
historial
hindmost
ha
hieromnemon
hobgoblin
holibut
hydroplane
hydroplane
hydroplanes
hyperboreal
houseball
houseboy
housebrokenness
hipsters
hyde
hye
hypnotic
homoeoplasia
hierophancy
hierophant
hierophantically
hlorrithi
hypotenuses
hymnology
hypnology
hypochonder
homophthalic
hitting
hymenopteron
hoc
hygienal
hypnotic
hypersthenia
horologies
hydrosere
hydroski
horseflies
holiday
hyponitric
No words found
ha
he
hypersensualism
hora
hora
horses
hieromartyr
hyponychium
hypanthia
how
homozygously
horsed
hypogeusia
honeydews
hoopoes
hogmanes
hypostasized
he
horsebreaker
hirsel
hotfoots
homage
homoplasmic
hyde
hypersystole
hispanic
hypsodonty
hypocrital
horned
hymned
No words found
horticulture
hierophant
hypergrammaticalness
hoc
housecarl
housewife
hydroptic
hypermagical
hypermeter
hypermetrope
hippurites
No words found
hoc
how
hymnariunaria
horsebane
homeogenous
hyetograph
hypocalcemic
holmberry
holmberry
holmberry
historiography
hobbyhorse
homocercy
holosericeous
hyperaccurate
No words found
hoc
how
holopneustic
hoodsheaf
hirings
No words found
howbeit
hovelled
hovelled
hovelled
hordeaceous
hydrops
hylodes
hosanna
hose
hospital
hyperacusis
homerooms
hyphenation
hypohyal
hosepipe
hypergeometric
hirer
homing
hypoed
hypoid
hypped
hypoparathyroidism
hospital
homogamic
homogamy
homogamic
horrorful
homeophony
hippophagism
histomorphologically
hypothermy
hypocarp
homonymic
horsepower
horsepox
horsepower
hospitalman
No words found
hoc
how
hollowest
hypo
hypocotyl
home
holothoracic
hydrostat
horizon
hypothec
holms
hosanna
hose
hospital
hilliest
homolog
homolog
homologating
hydromonoplane
houndy
hoogaars
No words found
hypermetaphoric
homeochromatism
homeochromatism
homeochromatism
hypercrinia
hobbed
hobs
hobbil
horopter
hypocalcemia
hypocalcemia
hypocalcemia
hollaing
hyperpathia
hired
hiren
hirer
hires
hirse
hirst
he
hindberry
No words found
houndsbane
No words found
ha
he
honkies
hookies
house
hyperelegance
No words found
hosannaed
hypertrophy
historiology
hyde
hye
hypnotic
hyperepinephrinemia
No words found
honestone
No words found
hypocrisies
hylas
hindwards
hounded
himene
hyperbolaeon
hypoeutectoid
homophobia
hollantide
historicopolitical
homographic
homesick
homesick
homesickly
hoggs
hongs
hypogastria
hydroxyazobenzene
hystazarin
hysteria
hysterical
hyoglossi
holobaptist
hysterics
hyperdactyl
hyperdulia
hyperdiatessaron
holophane
hyperbolaeon
hydronephrotic
he
hindguts
hid
hooeys
hypermenorrhea
hierurgies
homocarpous
holoplexia
No words found
hogo
hoho
homo
hypate
hippiatrical
ha
highchairs
hypnotic
homothety
No words found
ha
he
holloas
No words found
holostome
hypercarbamidemia
holoparasite
hoc
hypsidolichocephaly
hortator
horseweed
hypnotic
hypocotyleal
his
hypocephalus
No words found
hoppers
hopperdozer
hornswaggle
himand
hyperalgia
hyponastic
hyperexcitably
hyde
hye
hypnotic
houppelande
No words found
hyperin
hyperbolaeon
hoping
horned
holocephalian
hypoconule
hyperromantic
hologynies
hypothalami
No words found
hoc
how
hyphopodium
hostility
hysterocatalepsy
horim
hyperorthognathous
hypoglycemia
hypercube
hylarchical
hogback
hogback
hogback
hygrometrically
historicodogmatic
hydrosolic
holmberry
holmberry
holmberry
hypertypical
hoc
hypericum
homoeopath
homoeopath
homoeopathic
honestly
hourless
horseman
horsemen
hypercylinder
hyperinsulinism
hypothec
horae
horah
horal
horas
horde
horim
horla
horme
horns
horny
horol
horry
horse
horst
horsy
ha
hypersensitising
No words found
ha
he
hipped
hippen
hipper
hippia
hippic
hippie
hipple
hippos
hippus
horsecars
horsecars
horsecloth
hypothesising
hydrometrical
hyperoxymuriate
No words found
ha
he
highways
holoplexia
houghite
homeoblastic
hopelessness
housage
hobbist
hormist
hornist
historicophilosophica
historicophysical
historicopolitical
houseboating
horripilated
hypobases
No words found
hieromnemon
No words found
hyperfastidiously
holosomatous
holosomatous
holosomatous
hams
hans
hats
hers
hies
hips
hiss
hits
hobs
hods
hogs
hols
hors
hoss
hots
hoys
huns
hyps
hoards
holidaymaker
holohedron
hyetography
hymnography
hypsography
horsecloth
hieromonach
hooraying
homomorpha
hoc
hyperdiatessaron
No words found
housed
houses
hircic
No words found
hypo
hypnotic
horste
he
hillel
hortator
hyperon
hypothecator
honeworts
hirable
holocephala
horizontic
hogans
hitchy
hlidhskjalf
hyperbolaeon
hominify
homotonic
hyperpathia
hye
housels
hypercosmic
hysterotome
No words found
honed
honest
homocline
hyloid
guarding
hoarding
hypermeter
hippocampi
hypnotic
hocked
honked
hooked
No words found
hypopraxia
hystricine
holoscope
No words found
hogmanes
No words found
hoc
how
hyperacusis
hydrophid
hypertelic
he
hystazarin
hobby
hounds
hippopotami
hypercriticize
he
hypocrater
hid
hid
his
hoopoo
honora
hittitics
No words found
hists
historics
hypermetamorphoses
he
hydrophorous
hold
hobbinoll
hyperinsulinization
hypothesizes
hyperimmunized
hyponymous
hyperorthodox
hymnlike
No words found
hysteromania
hypegiaphobia
hyper
hyperbolaeon
hypothetist
how
hydropneumopericardium
histographical
hirudin
holomyaria
hierographic
homalocenchrus
homaloid
homalopsinae
hydrophyll
hyperpanegyric
hyperper
hyperphosphatemia
hygiastic
No words found
hold
hold
hippodromic
he
historics
histories
homarine
hornswoggle
hypervigilantly
hyperviscous
hypervitaminosis
hypo
hyps
hypt
kept
quit
type
wept
hotheadedly
hyperconstitutional
hirsute
hirsute
hirsute
hysterodynia
homochiral
homochiral
homochiral
homeophony
hottentot
hippocras
No words found
hypervoluminous
home
hyperthermic
homeliest
hoidens
maidens
how
houndy
hippus
honeydewed
hieroglyphology
hypodermal
hypercyanotic
homoeoteleutic
hypnotic
holler
No words found
honestly
No words found
hypercycle
horses
hymenophyllites
hylism
hypopharynges
hippology
honestone
horizometer
hotfoots
ha
hypnesthesis
No words found
hippelates
homoean
homoean
homoeomorphy
hyponatremia
hypophonesis
hippologist
No words found
hingle
No words found
horseboy
No words found
hornbeak
No words found
hotcha
hotching
hostessing
history
highboard
hoards
hypopteron
No words found
homoeopathy
homoeopathic
homogene
No words found
hypersecretion
hoteliers
hymnody
hypo
hilarious
hilsa
hydrometra
hyeniform
No words found
hymenopteron
hinderest
hoyle
he
hypohyal
hypnogenetically
hyperalgia
hypercalcaemia
hyporhachidian
No words found
hyphenization
No words found
hypopituitary
hylotheism
hitchel
hyper
hymnologically
how
hyperdeliciously
honed
hornfels
homicidal
hoddle
meddle
middle
puddle
hormonal
hypozoic
homotaxia
homuncular
hodophobia
houndish
No words found
home
home
hypsicephaly
horme
horme
hormetic
hypobasis
hingecorner
hovelled
No words found
hyperin
hyperbolaeon
any
hay
hny
hoy
hypobaropathy
hoernesite
hyperbolaeon
hookweed
highflying
hyperanarchy
hillfort
hooliganize
hillo
hypophosphate
hiss
housemaid
No words found
holoplexia
No words found
hovenia
No words found
ha
he
hippi
hyson
hindgut
holocene
hyperaphic
hippian
goodman
hoodman
holoscope
hypotaxis
hypabyssal
hippocoprosterol
hoods
hyperconformist
hoar
heroic
hircic
holmic
hormic
he
holgate
hogframe
hijacker
No words found
hillary
No words found
holoscope
hypochaeris
holostei
hobnail
homogenetically
home
hildebrandist
hoosegow
hokeypokey
hold
holothoracic
hypo
homeomorph
No words found
hymns
hymnariunaria
hyracoid
No words found
hoises
noises
home
hygienic
holarctic
homometrical
ha
hysterectomy
hipe
hypostase
hypnotic
hospitage
hyothyroid
hoarding
No words found
hotshot
No words found
housed
houses
homoeotypical
hospitize
hogmace
hydrula
hydrula
hydrula
horizontic
highlife
hypermnesis
hogged
hogged
hogget
hierogrammatic
hooklike
hooklike
hooklike
hydrosulphide
hyponitric
horsemint
No words found
hyperthyroid
hypnotic
hinderly
honour
hookwormer
hyde
hooeys
hyoscapular
hydrosphere
hyde
hye
hypnotic
hyperotretan
homogenizing
hypocalcemia
hyetal
hyetal
hyetal
homothallism
homoeomorphy
hygiene
he
hyphenate
horizometer
hooliganize
No words found
ha
he
hobbles
hopples
hyde
hye
hypnotic
hylomorphous
hyperglycaemia
hyperglycaemia
hyperglycaemia
hobbyhorsical
hippogastronomy
hippogastronomy
hippogastronomy
hyponychial
hiking
hiking
hiking
hocket
hogget
hoppet
hornet
houlet
high
hodometer
hololith
hysterectomizes
hosanna
hypererethism
hipnesses
hipnesses
hipnesses
hypodiazeuxis
hookiest
holothuridea
hypophosphate
hypophosphate
hypophosphate
highi
hilda
hindi
hinds
hindu
hipmi
hippi
horridly
higgling
ha
boon
bore
born
burn
coin
cord
core
corn
cort
doin
down
earn
fore
form
gory
gown
hohn
hoin
hoon
hora
hore
horn
hors
hory
john
join
lord
lore
moan
moon
more
morn
noon
port
soon
sore
sort
sown
tore
torn
town
turn
warn
word
wore
work
worm
worn
york
honour
hierarchies
hopkinsian
hypocotyledonous
hopcalite
hippolytidae
hypnotic
hoster
hydrotheca
hirseling
hoick
hoick
hoicked
hilariousness
home
highbred
No words found
ha
he
hyperdeliciousness
hypocalcemia
hypocarp
hypocentre
hinges
tinges
No words found
hokes
holes
homes
hones
hopes
hoses
hoofing
homodermy
hyperdistention
household
homotaxy
hippomanes
hypercritically
hittite
No words found
hints
hinterlandsd
hoodooed
hillier
hies
hips
hiss
hits
hydrotheca
hypnoanalysis
horopito
hypoglossitis
hyperactively
hollooed
hid
hooliganish
highhanded
hyperthermesthesia
hydroxamic
hydroxy
hydroximic
hydrous
he
hobbyist
hypoparathyroidism
hypopus
hypopiesis
homages
No words found
hierarchism
hypnotic
hyenic
hymnic
hypnic
hyperhidrosis
homeotransplant
hypokalemia
hogan
hokan
honan
human
hypermetrope
horologia
hydrometrical
holdfast
hoc
hippidae
hymnology
hiems
holms
No words found
hylozoism
hyperglobulia
hyperglobulia
hyperglobulia
homochromatism
hogherd
hogbush
hyperreverential
hyperreverential
hyperreverential
hypericism
hygroblepharic
hygrology
hygrophaneity
hogmanays
hoveled
hieracite
histogen
histogen
histographical
hypercryaesthesia
No words found
hypernotions
No words found
hilts
hints
hists
holts
hoots
hosts
hypothecator
hypothecator
hypothecatory
hoactzins
hippocoprosterol
housesmith
ha
hypoalimentation
hydropneumopericardium
hydroxamino
hither
hypodermically
No words found
hypos
hypohyal
hollowroot
No words found
honans
No words found
hymnariunaria
holdsman
holoquinoid
No words found
hotblooded
hydrophytic
hovelled
No words found
hypsophyllar
hypsophyllous
honorableness
hyperdiatessaron
hyperorthodoxy
No words found
ha
he
hodgkinsonite
hyde
horrescent
No words found
hyperexaltation
hydrometrical
homerically
hippocras
hyperacuity
hyposkeletal
hippelates
he
honeymoonstruck
No words found
home
home
homelyn
No words found
homer
homeopolar
horologium
ha
holochroal
hypogeugea
hypogeugea
hypogeugea
hockers
hockeys
honkers
hookera
mockery
ha
hogshead
hongkong
hongkong
holoplexia
householders
hyperbulia
hypotonus
No words found
ha
he
hypnotism
hymenophore
hightails
histopathologic
histopathology
histopathologically
hooliganish
No words found
hipe
hippodromic
hypogene
hyde
hyperbarbarism
No words found
hosts
hostility
homeopolar
hypermedication
hydropower
hypohyal
holdout
ha
hirtch
hyperpatriotic
hypoblastic
hierogrammate
hypocotyl
hyde
horridly
hypochonder
hindwards
how
hypodynamic
hired
homme
horme
hypocoristically
boon
born
coin
corn
doin
down
gown
hisn
hoar
hoax
hobs
hoch
hock
hods
hoed
hoer
hoey
hoga
hogg
hogo
hogs
hohe
hohn
hoho
hoin
hoit
hoke
hold
hole
holk
holm
holp
hols
holt
holy
home
homo
homy
hond
hone
honk
hood
hook
hoom
hoon
hope
hopi
hora
hore
horn
hors
hory
hose
hosp
hoss
host
hote
hots
hour
hout
hova
hove
howl
hoya
hoys
hymn
john
join
moan
moon
morn
noon
soon
sown
torn
town
worn
hyson
hierophant
horses
hyperintellectual
how
hopperdozer
how
hylobates
No words found
hyperin
hyperbolaeon
hlidhskjalf
hypersystole
hortative
hood
hypotheses
hippologist
hippologist
hippologist
hyperemphasize
homages
hysteropexia
hypnotic
histiology
holloware
hyperalgia
how
hypnotizes
hyracoid
hoogaars
No words found
hyperin
hyperbolaeon
highbred
hydropac
hopbine
historiographic
hittitology
he
hypophora
No words found
hoss
loss
No words found
hollas
hollaing
histonal
No words found
homefolk
hylarchical
hypinosis
hylozoistically
hypertrophies
hormogonous
dowdy
hoddy
hoody
howdy
moody
No words found
hyperscrupulous
hye
homothallism
he
horripilate
hortatorily
hobits
homos
hydrometeorological
No words found
hoc
how
hockers
hypnotic
hypopiesis
hypoptera
hyperchloremia
hypnotic
hyposulphate
No words found
hero
hiro
hoar
hoax
hobs
hoch
hock
hods
hoed
hoer
hoey
hoga
hogg
hogo
hogs
hohe
hohn
hoho
hoin
hoit
hoke
hold
hole
holk
holm
holp
hols
holt
holy
home
homo
homy
hond
hone
honk
hood
hook
hoom
hoon
hope
hopi
hora
hore
horn
hors
hory
hose
hosp
hoss
host
hote
hots
hour
hout
hova
hove
howl
hoya
hoys
hypo
soho
he
honans
honolulu
honora
honour
hyperbolicly
No words found
hyperurbanism
hymens
hypersensitiveness
hortyard
hortyard
hortyard
homacanth
hydrophane
hyponitrite
No words found
hypercarburetted
hydronitroprussic
hydros
No words found
homesickly
hyde
hye
hypnotic
hypnotics
No words found
hoggs
hogget
eight
fight
highi
highs
hight
light
might
night
right
sighs
sight
tight
hypacusia
hypacusia
hypacusia
hydrophilous
hypocarp
hoblob
hypertrophic
hydropot
hypegiaphobia
hyper
hyperbolaeon
hysterolaparotomy
hovelled
hoplonemertini
No words found
hornblende
howdah
howdy
howdy
historize
No words found
ha
he
horsenail
hypsographical
hypohyal
hope
hiker
hoker
queer
taker
No words found
hypochloremia
higginsite
horseshoers
hood
hotdogger
how
hopbine
houseclean
hisser
how
hymns
hypnotic
horsenail
horsetail
hyde
hye
hypnotic
hollyleaf
hydromel
hydros
hydrometrical
hypocrateriform
hispanic
horsetown
hitherunto
hyperbaric
No words found
ha
he
hyperspeculative
hydrophanous
horned
hymned
holochoanitic
hypotrochoidal
he
hyperthesis
he
hinnying
hyosternal
hydroxyketone
horizometer
horizon
horizon
hypovitaminosis
homeochronous
homeochronous
homeochronous
hyperphosphatemia
hollaing
hysteropathy
No words found
homos
homoeomorphy
hydronic
No words found
hoc
how
hymnary
No words found
holystone
hypnaceous
hyperpathetically
home
hyoepiglottic
hoc
hornfish
holothuria
hydrosarcocele
highjacked
highjacks
highjacks
hypothesiser
hypo
homoanisic
he
housecarl
hilaria
hypsometrical
holometabola
hoodedness
hysterotraumatism
hippocrenian
homesickly
hydroxamino
No words found
hypo
hypnotic
holothoracic
hongkong
hongkong
hongkong
hypersensually
hydrophilite
hyphemias
hylomys
hylomys
hylomys
holloas
holocene
boys
hoys
joys
hyde
hye
hypnotic
hyperaemia
No words found
hyposmia
hyposmia
hooted
rooted
hote
horsekeeping
hygeist
homogonies
hid
hid
his
hydropot
hogmace
hogmace
hogmanes
hieracian
hyping
hyposternal
hypegiaphobia
hyper
hyperbolaeon
hymnography
hyperabsorption
hyperacid
hyperangelic
hyponea
hypogamy
hypogamy
hypogamy
hirpled
hirples
hyperemesis
hyperemic
hyperemotively
hister
hoster
histopathologic
histopathology
histopathologically
homalocenchrus
he
homemaker
hookmaker
hoopmaker
hieronymic
hitchhikers
hostility
hydroxyproline
hoker
homoeophyllous
hystriciasis
hystricine
hystricism
hypohepatia
ha
honeyful
homoiousian
hydrophilic
hora
hyphemia
hoker
hyetography
histomorphological
hillers
hollers
hypnotic
homeoidality
hiera
hiera
hierodule
hopples
hoc
himalaya
histochemic
histon
historics
hypopnoea
horatio
homoeophyllous
hymenomycete
hippopathological
holarctic
hylism
